{"C:\\Users\\51981\\Documents\\LIM013-fe-md-links\\src\\index.js": {"path":"C:\\Users\\51981\\Documents\\LIM013-fe-md-links\\src\\index.js","statementMap":{"0":{"start":{"line":3,"column":20},"end":{"line":3,"column":40}},"1":{"start":{"line":4,"column":0},"end":{"line":4,"column":25}},"2":{"start":{"line":6,"column":11},"end":{"line":6,"column":24}},"3":{"start":{"line":7,"column":13},"end":{"line":7,"column":28}},"4":{"start":{"line":8,"column":14},"end":{"line":8,"column":30}},"5":{"start":{"line":9,"column":18},"end":{"line":9,"column":23}},"6":{"start":{"line":10,"column":15},"end":{"line":10,"column":32}},"7":{"start":{"line":11,"column":30},"end":{"line":79,"column":1}},"8":{"start":{"line":12,"column":25},"end":{"line":12,"column":45}},"9":{"start":{"line":15,"column":2},"end":{"line":15,"column":26}},"10":{"start":{"line":19,"column":2},"end":{"line":23,"column":3}},"11":{"start":{"line":20,"column":4},"end":{"line":20,"column":18}},"12":{"start":{"line":21,"column":8},"end":{"line":23,"column":3}},"13":{"start":{"line":22,"column":4},"end":{"line":22,"column":23}},"14":{"start":{"line":27,"column":25},"end":{"line":27,"column":33}},"15":{"start":{"line":28,"column":4},"end":{"line":33,"column":5}},"16":{"start":{"line":29,"column":8},"end":{"line":29,"column":20}},"17":{"start":{"line":32,"column":6},"end":{"line":32,"column":20}},"18":{"start":{"line":37,"column":12},"end":{"line":37,"column":60}},"19":{"start":{"line":38,"column":14},"end":{"line":38,"column":26}},"20":{"start":{"line":39,"column":14},"end":{"line":39,"column":30}},"21":{"start":{"line":40,"column":14},"end":{"line":40,"column":55}},"22":{"start":{"line":41,"column":13},"end":{"line":42,"column":15}},"23":{"start":{"line":42,"column":2},"end":{"line":42,"column":14}},"24":{"start":{"line":43,"column":2},"end":{"line":43,"column":15}},"25":{"start":{"line":46,"column":12},"end":{"line":46,"column":60}},"26":{"start":{"line":47,"column":14},"end":{"line":47,"column":26}},"27":{"start":{"line":48,"column":14},"end":{"line":48,"column":30}},"28":{"start":{"line":49,"column":14},"end":{"line":49,"column":55}},"29":{"start":{"line":50,"column":14},"end":{"line":51,"column":22}},"30":{"start":{"line":51,"column":2},"end":{"line":51,"column":21}},"31":{"start":{"line":52,"column":2},"end":{"line":52,"column":16}},"32":{"start":{"line":55,"column":12},"end":{"line":55,"column":60}},"33":{"start":{"line":56,"column":14},"end":{"line":56,"column":26}},"34":{"start":{"line":57,"column":14},"end":{"line":57,"column":30}},"35":{"start":{"line":58,"column":14},"end":{"line":58,"column":55}},"36":{"start":{"line":59,"column":20},"end":{"line":60,"column":59}},"37":{"start":{"line":60,"column":2},"end":{"line":60,"column":58}},"38":{"start":{"line":61,"column":2},"end":{"line":61,"column":31}},"39":{"start":{"line":65,"column":18},"end":{"line":65,"column":45}},"40":{"start":{"line":66,"column":23},"end":{"line":66,"column":25}},"41":{"start":{"line":67,"column":2},"end":{"line":76,"column":4}},"42":{"start":{"line":68,"column":16},"end":{"line":68,"column":37}},"43":{"start":{"line":69,"column":20},"end":{"line":69,"column":43}},"44":{"start":{"line":70,"column":4},"end":{"line":75,"column":5}},"45":{"start":{"line":71,"column":5},"end":{"line":71,"column":31}},"46":{"start":{"line":72,"column":10},"end":{"line":75,"column":5}},"47":{"start":{"line":73,"column":26},"end":{"line":73,"column":57}},"48":{"start":{"line":74,"column":4},"end":{"line":74,"column":59}},"49":{"start":{"line":77,"column":2},"end":{"line":77,"column":23}}},"fnMap":{"0":{"name":"(anonymous_0)","decl":{"start":{"line":12,"column":14},"end":{"line":12,"column":15}},"loc":{"start":{"line":12,"column":25},"end":{"line":12,"column":45}},"line":12},"1":{"name":"(anonymous_1)","decl":{"start":{"line":14,"column":15},"end":{"line":14,"column":16}},"loc":{"start":{"line":14,"column":21},"end":{"line":16,"column":1}},"line":14},"2":{"name":"(anonymous_2)","decl":{"start":{"line":18,"column":12},"end":{"line":18,"column":13}},"loc":{"start":{"line":18,"column":18},"end":{"line":24,"column":1}},"line":18},"3":{"name":"(anonymous_3)","decl":{"start":{"line":26,"column":14},"end":{"line":26,"column":15}},"loc":{"start":{"line":26,"column":20},"end":{"line":34,"column":3}},"line":26},"4":{"name":"(anonymous_4)","decl":{"start":{"line":36,"column":20},"end":{"line":36,"column":21}},"loc":{"start":{"line":36,"column":27},"end":{"line":44,"column":1}},"line":36},"5":{"name":"(anonymous_5)","decl":{"start":{"line":41,"column":35},"end":{"line":41,"column":36}},"loc":{"start":{"line":42,"column":2},"end":{"line":42,"column":14}},"line":42},"6":{"name":"(anonymous_6)","decl":{"start":{"line":45,"column":20},"end":{"line":45,"column":21}},"loc":{"start":{"line":45,"column":27},"end":{"line":53,"column":1}},"line":45},"7":{"name":"(anonymous_7)","decl":{"start":{"line":50,"column":36},"end":{"line":50,"column":37}},"loc":{"start":{"line":51,"column":2},"end":{"line":51,"column":21}},"line":51},"8":{"name":"(anonymous_8)","decl":{"start":{"line":54,"column":14},"end":{"line":54,"column":15}},"loc":{"start":{"line":54,"column":21},"end":{"line":62,"column":1}},"line":54},"9":{"name":"(anonymous_9)","decl":{"start":{"line":59,"column":42},"end":{"line":59,"column":43}},"loc":{"start":{"line":60,"column":2},"end":{"line":60,"column":58}},"line":60},"10":{"name":"(anonymous_10)","decl":{"start":{"line":64,"column":20},"end":{"line":64,"column":21}},"loc":{"start":{"line":64,"column":28},"end":{"line":78,"column":1}},"line":64},"11":{"name":"(anonymous_11)","decl":{"start":{"line":67,"column":21},"end":{"line":67,"column":22}},"loc":{"start":{"line":67,"column":29},"end":{"line":76,"column":3}},"line":67}},"branchMap":{"0":{"loc":{"start":{"line":19,"column":2},"end":{"line":23,"column":3}},"type":"if","locations":[{"start":{"line":19,"column":2},"end":{"line":23,"column":3}},{"start":{"line":19,"column":2},"end":{"line":23,"column":3}}],"line":19},"1":{"loc":{"start":{"line":21,"column":8},"end":{"line":23,"column":3}},"type":"if","locations":[{"start":{"line":21,"column":8},"end":{"line":23,"column":3}},{"start":{"line":21,"column":8},"end":{"line":23,"column":3}}],"line":21},"2":{"loc":{"start":{"line":28,"column":4},"end":{"line":33,"column":5}},"type":"if","locations":[{"start":{"line":28,"column":4},"end":{"line":33,"column":5}},{"start":{"line":28,"column":4},"end":{"line":33,"column":5}}],"line":28},"3":{"loc":{"start":{"line":70,"column":4},"end":{"line":75,"column":5}},"type":"if","locations":[{"start":{"line":70,"column":4},"end":{"line":75,"column":5}},{"start":{"line":70,"column":4},"end":{"line":75,"column":5}}],"line":70},"4":{"loc":{"start":{"line":72,"column":10},"end":{"line":75,"column":5}},"type":"if","locations":[{"start":{"line":72,"column":10},"end":{"line":75,"column":5}},{"start":{"line":72,"column":10},"end":{"line":75,"column":5}}],"line":72}},"s":{"0":1,"1":1,"2":1,"3":1,"4":1,"5":1,"6":1,"7":1,"8":0,"9":2,"10":2,"11":1,"12":1,"13":1,"14":2,"15":2,"16":1,"17":1,"18":0,"19":0,"20":0,"21":0,"22":0,"23":0,"24":0,"25":0,"26":0,"27":0,"28":0,"29":0,"30":0,"31":0,"32":1,"33":1,"34":1,"35":1,"36":1,"37":4,"38":1,"39":1,"40":1,"41":1,"42":1,"43":1,"44":0,"45":0,"46":0,"47":0,"48":0,"49":0},"f":{"0":0,"1":2,"2":2,"3":2,"4":0,"5":0,"6":0,"7":0,"8":1,"9":4,"10":1,"11":1},"b":{"0":[1,1],"1":[1,0],"2":[1,1],"3":[0,0],"4":[0,0]},"_coverageSchema":"1a1c01bbd47fc00a2c39e90264f33305004495a9","hash":"0c20dd9d64a524f746cde8d3d6ee0263aae758f2"}
,"C:\\Users\\51981\\Documents\\LIM013-fe-md-links\\src\\stats.js": {"path":"C:\\Users\\51981\\Documents\\LIM013-fe-md-links\\src\\stats.js","statementMap":{"0":{"start":{"line":2,"column":19},"end":{"line":12,"column":1}},"1":{"start":{"line":4,"column":18},"end":{"line":4,"column":42}},"2":{"start":{"line":6,"column":27},"end":{"line":7,"column":43}},"3":{"start":{"line":7,"column":5},"end":{"line":7,"column":41}},"4":{"start":{"line":8,"column":24},"end":{"line":8,"column":58}},"5":{"start":{"line":9,"column":17},"end":{"line":9,"column":43}},"6":{"start":{"line":10,"column":4},"end":{"line":10,"column":22}},"7":{"start":{"line":11,"column":4},"end":{"line":11,"column":16}}},"fnMap":{"0":{"name":"(anonymous_0)","decl":{"start":{"line":2,"column":19},"end":{"line":2,"column":20}},"loc":{"start":{"line":2,"column":30},"end":{"line":12,"column":1}},"line":2},"1":{"name":"(anonymous_1)","decl":{"start":{"line":6,"column":52},"end":{"line":6,"column":53}},"loc":{"start":{"line":6,"column":80},"end":{"line":7,"column":42}},"line":6}},"branchMap":{},"s":{"0":1,"1":1,"2":1,"3":434,"4":1,"5":1,"6":1,"7":1},"f":{"0":1,"1":434},"b":{},"_coverageSchema":"1a1c01bbd47fc00a2c39e90264f33305004495a9","hash":"3a7866a00403625f758f2fe0303e0d196b7988fc"}
}
