{"C:\\Users\\51981\\Documents\\LIM013-fe-md-links\\src\\index.js": {"path":"C:\\Users\\51981\\Documents\\LIM013-fe-md-links\\src\\index.js","statementMap":{"0":{"start":{"line":3,"column":20},"end":{"line":3,"column":40}},"1":{"start":{"line":4,"column":0},"end":{"line":4,"column":25}},"2":{"start":{"line":6,"column":11},"end":{"line":6,"column":24}},"3":{"start":{"line":7,"column":13},"end":{"line":7,"column":28}},"4":{"start":{"line":8,"column":14},"end":{"line":8,"column":30}},"5":{"start":{"line":9,"column":18},"end":{"line":9,"column":23}},"6":{"start":{"line":10,"column":15},"end":{"line":10,"column":32}},"7":{"start":{"line":11,"column":23},"end":{"line":65,"column":1}},"8":{"start":{"line":14,"column":2},"end":{"line":14,"column":26}},"9":{"start":{"line":18,"column":2},"end":{"line":22,"column":3}},"10":{"start":{"line":19,"column":4},"end":{"line":19,"column":18}},"11":{"start":{"line":20,"column":8},"end":{"line":22,"column":3}},"12":{"start":{"line":21,"column":4},"end":{"line":21,"column":23}},"13":{"start":{"line":26,"column":25},"end":{"line":26,"column":33}},"14":{"start":{"line":27,"column":4},"end":{"line":32,"column":5}},"15":{"start":{"line":28,"column":8},"end":{"line":28,"column":20}},"16":{"start":{"line":31,"column":6},"end":{"line":31,"column":20}},"17":{"start":{"line":36,"column":12},"end":{"line":36,"column":60}},"18":{"start":{"line":37,"column":14},"end":{"line":37,"column":26}},"19":{"start":{"line":38,"column":14},"end":{"line":38,"column":30}},"20":{"start":{"line":39,"column":14},"end":{"line":39,"column":55}},"21":{"start":{"line":40,"column":13},"end":{"line":41,"column":15}},"22":{"start":{"line":41,"column":2},"end":{"line":41,"column":14}},"23":{"start":{"line":42,"column":14},"end":{"line":43,"column":17}},"24":{"start":{"line":43,"column":4},"end":{"line":43,"column":16}},"25":{"start":{"line":44,"column":14},"end":{"line":45,"column":19}},"26":{"start":{"line":45,"column":6},"end":{"line":45,"column":18}},"27":{"start":{"line":46,"column":2},"end":{"line":46,"column":15}},"28":{"start":{"line":51,"column":18},"end":{"line":51,"column":45}},"29":{"start":{"line":52,"column":23},"end":{"line":52,"column":25}},"30":{"start":{"line":53,"column":2},"end":{"line":62,"column":4}},"31":{"start":{"line":54,"column":16},"end":{"line":54,"column":37}},"32":{"start":{"line":55,"column":20},"end":{"line":55,"column":43}},"33":{"start":{"line":56,"column":4},"end":{"line":61,"column":5}},"34":{"start":{"line":57,"column":5},"end":{"line":57,"column":31}},"35":{"start":{"line":58,"column":10},"end":{"line":61,"column":5}},"36":{"start":{"line":59,"column":26},"end":{"line":59,"column":57}},"37":{"start":{"line":60,"column":4},"end":{"line":60,"column":59}},"38":{"start":{"line":63,"column":2},"end":{"line":63,"column":23}}},"fnMap":{"0":{"name":"(anonymous_0)","decl":{"start":{"line":13,"column":15},"end":{"line":13,"column":16}},"loc":{"start":{"line":13,"column":21},"end":{"line":15,"column":1}},"line":13},"1":{"name":"(anonymous_1)","decl":{"start":{"line":17,"column":12},"end":{"line":17,"column":13}},"loc":{"start":{"line":17,"column":18},"end":{"line":23,"column":1}},"line":17},"2":{"name":"(anonymous_2)","decl":{"start":{"line":25,"column":14},"end":{"line":25,"column":15}},"loc":{"start":{"line":25,"column":20},"end":{"line":33,"column":3}},"line":25},"3":{"name":"(anonymous_3)","decl":{"start":{"line":35,"column":15},"end":{"line":35,"column":16}},"loc":{"start":{"line":35,"column":22},"end":{"line":47,"column":1}},"line":35},"4":{"name":"(anonymous_4)","decl":{"start":{"line":40,"column":35},"end":{"line":40,"column":36}},"loc":{"start":{"line":41,"column":2},"end":{"line":41,"column":14}},"line":41},"5":{"name":"(anonymous_5)","decl":{"start":{"line":42,"column":36},"end":{"line":42,"column":37}},"loc":{"start":{"line":43,"column":4},"end":{"line":43,"column":16}},"line":43},"6":{"name":"(anonymous_6)","decl":{"start":{"line":44,"column":36},"end":{"line":44,"column":37}},"loc":{"start":{"line":45,"column":6},"end":{"line":45,"column":18}},"line":45},"7":{"name":"(anonymous_7)","decl":{"start":{"line":50,"column":20},"end":{"line":50,"column":21}},"loc":{"start":{"line":50,"column":28},"end":{"line":64,"column":1}},"line":50},"8":{"name":"(anonymous_8)","decl":{"start":{"line":53,"column":21},"end":{"line":53,"column":22}},"loc":{"start":{"line":53,"column":29},"end":{"line":62,"column":3}},"line":53}},"branchMap":{"0":{"loc":{"start":{"line":18,"column":2},"end":{"line":22,"column":3}},"type":"if","locations":[{"start":{"line":18,"column":2},"end":{"line":22,"column":3}},{"start":{"line":18,"column":2},"end":{"line":22,"column":3}}],"line":18},"1":{"loc":{"start":{"line":20,"column":8},"end":{"line":22,"column":3}},"type":"if","locations":[{"start":{"line":20,"column":8},"end":{"line":22,"column":3}},{"start":{"line":20,"column":8},"end":{"line":22,"column":3}}],"line":20},"2":{"loc":{"start":{"line":27,"column":4},"end":{"line":32,"column":5}},"type":"if","locations":[{"start":{"line":27,"column":4},"end":{"line":32,"column":5}},{"start":{"line":27,"column":4},"end":{"line":32,"column":5}}],"line":27},"3":{"loc":{"start":{"line":56,"column":4},"end":{"line":61,"column":5}},"type":"if","locations":[{"start":{"line":56,"column":4},"end":{"line":61,"column":5}},{"start":{"line":56,"column":4},"end":{"line":61,"column":5}}],"line":56},"4":{"loc":{"start":{"line":58,"column":10},"end":{"line":61,"column":5}},"type":"if","locations":[{"start":{"line":58,"column":10},"end":{"line":61,"column":5}},{"start":{"line":58,"column":10},"end":{"line":61,"column":5}}],"line":58}},"s":{"0":1,"1":1,"2":1,"3":1,"4":1,"5":1,"6":1,"7":1,"8":2,"9":5,"10":3,"11":2,"12":2,"13":2,"14":2,"15":1,"16":1,"17":1,"18":1,"19":1,"20":1,"21":1,"22":4,"23":1,"24":4,"25":1,"26":4,"27":1,"28":2,"29":2,"30":2,"31":3,"32":3,"33":3,"34":2,"35":1,"36":1,"37":1,"38":2},"f":{"0":2,"1":5,"2":2,"3":1,"4":4,"5":4,"6":4,"7":2,"8":3},"b":{"0":[3,2],"1":[2,0],"2":[1,1],"3":[2,1],"4":[1,0]},"_coverageSchema":"1a1c01bbd47fc00a2c39e90264f33305004495a9","hash":"ab34d4443e700c442eaa50dd2dc37d0a5d13eaab"}
,"C:\\Users\\51981\\Documents\\LIM013-fe-md-links\\src\\stats.js": {"path":"C:\\Users\\51981\\Documents\\LIM013-fe-md-links\\src\\stats.js","statementMap":{"0":{"start":{"line":2,"column":19},"end":{"line":11,"column":1}},"1":{"start":{"line":4,"column":18},"end":{"line":4,"column":42}},"2":{"start":{"line":6,"column":27},"end":{"line":7,"column":43}},"3":{"start":{"line":7,"column":5},"end":{"line":7,"column":41}},"4":{"start":{"line":8,"column":24},"end":{"line":8,"column":58}},"5":{"start":{"line":9,"column":17},"end":{"line":9,"column":43}},"6":{"start":{"line":10,"column":4},"end":{"line":10,"column":16}}},"fnMap":{"0":{"name":"(anonymous_0)","decl":{"start":{"line":2,"column":19},"end":{"line":2,"column":20}},"loc":{"start":{"line":2,"column":30},"end":{"line":11,"column":1}},"line":2},"1":{"name":"(anonymous_1)","decl":{"start":{"line":6,"column":52},"end":{"line":6,"column":53}},"loc":{"start":{"line":6,"column":80},"end":{"line":7,"column":42}},"line":6}},"branchMap":{},"s":{"0":1,"1":1,"2":1,"3":4,"4":1,"5":1,"6":1},"f":{"0":1,"1":4},"b":{},"_coverageSchema":"1a1c01bbd47fc00a2c39e90264f33305004495a9","hash":"995c4b52491374b6f9402a227925a99b239ce19a"}
}
