TN:
SF:src\index.js
FN:13,(anonymous_0)
FN:17,(anonymous_1)
FN:25,(anonymous_2)
FN:35,(anonymous_3)
FN:40,(anonymous_4)
FN:46,(anonymous_5)
FN:49,(anonymous_6)
FNF:7
FNH:7
FNDA:2,(anonymous_0)
FNDA:4,(anonymous_1)
FNDA:2,(anonymous_2)
FNDA:1,(anonymous_3)
FNDA:2,(anonymous_4)
FNDA:2,(anonymous_5)
FNDA:2,(anonymous_6)
DA:3,1
DA:4,1
DA:6,1
DA:7,1
DA:8,1
DA:9,1
DA:10,1
DA:11,1
DA:14,2
DA:18,4
DA:19,2
DA:20,2
DA:21,2
DA:26,2
DA:27,2
DA:28,1
DA:31,1
DA:36,1
DA:37,1
DA:38,1
DA:39,1
DA:40,1
DA:41,2
DA:42,1
DA:47,2
DA:48,2
DA:49,2
DA:50,2
DA:51,2
DA:52,2
DA:53,1
DA:54,1
DA:55,1
DA:56,1
DA:59,2
LF:35
LH:35
BRDA:18,0,0,2
BRDA:18,0,1,2
BRDA:20,1,0,2
BRDA:20,1,1,0
BRDA:27,2,0,1
BRDA:27,2,1,1
BRDA:52,3,0,1
BRDA:52,3,1,1
BRDA:54,4,0,1
BRDA:54,4,1,0
BRF:10
BRH:8
end_of_record
